2024-03-02 19:16:11,378 - INFO - starting app
2024-03-02 19:16:15,926 - INFO - starting app
2024-03-02 19:16:25,871 - INFO - starting app
2024-03-02 19:18:46,833 - INFO - starting app
2024-03-02 19:19:14,191 - INFO - Starting ................
2024-03-02 19:19:14,196 - INFO - ended.
2024-03-02 19:19:28,446 - INFO - starting app
2024-03-02 19:19:30,576 - INFO - starting app
2024-03-02 19:19:36,861 - INFO - starting app
2024-03-02 19:19:43,197 - INFO - starting app
2024-03-02 19:19:45,903 - INFO - Starting ................
2024-03-02 19:19:45,906 - INFO - ended. process_time: 0.0024340152740478516
2024-03-02 19:20:15,078 - INFO - starting app
2024-03-02 19:20:30,307 - INFO - starting app
2024-03-02 19:20:35,664 - INFO - starting app
2024-03-02 19:20:37,714 - INFO - starting app
2024-03-02 19:20:39,891 - INFO - starting app
2024-03-02 19:20:47,219 - INFO - starting app
2024-03-02 19:20:53,804 - INFO - starting app
2024-03-02 19:21:08,017 - INFO - starting app
2024-03-02 19:21:26,439 - INFO - Starting ................
2024-03-02 19:21:26,445 - INFO - ended. process_time: 0.005656003952026367
2024-03-02 19:21:32,982 - INFO - Starting ................
2024-03-02 19:21:32,997 - WARNING - Product is no more available
2024-03-02 19:21:33,000 - INFO - ended. process_time: 0.016301870346069336
2024-03-02 19:23:50,654 - INFO - starting app
2024-03-02 19:24:23,889 - INFO - starting app
2024-03-02 19:24:34,789 - INFO - starting app
2024-03-02 20:00:49,899 - INFO - starting app
2024-03-02 20:00:54,730 - INFO - Starting ................
2024-03-02 20:00:54,737 - INFO - ended. process_time: 0.005946159362792969
2024-03-02 20:00:54,887 - INFO - Starting ................
2024-03-02 20:00:54,905 - INFO - ended. process_time: 0.014487028121948242
2024-03-02 20:01:01,141 - INFO - Starting ................
2024-03-02 20:01:01,142 - INFO - ended. process_time: 0.0007679462432861328
2024-03-02 20:01:02,362 - INFO - Starting ................
2024-03-02 20:01:02,374 - INFO - ended. process_time: 0.011732101440429688
2024-03-02 20:06:19,669 - INFO - starting app
2024-03-02 20:06:47,253 - INFO - starting app
2024-03-02 20:07:01,477 - INFO - starting app
2024-03-02 20:07:03,073 - INFO - starting app
2024-03-02 20:07:16,423 - INFO - starting app
2024-03-02 20:07:39,375 - INFO - starting app
2024-03-02 20:09:57,758 - INFO - starting app
2024-03-02 20:10:26,371 - INFO - starting app
2024-03-02 20:10:34,897 - INFO - starting app
2024-03-02 20:10:43,508 - INFO - starting app
2024-03-02 20:10:55,118 - INFO - starting app
2024-03-02 20:11:06,128 - INFO - starting app
2024-03-02 20:11:15,321 - INFO - starting app
2024-03-02 20:11:30,497 - INFO - starting app
2024-03-02 20:11:41,417 - INFO - starting app
2024-03-02 20:11:49,715 - INFO - starting app
2024-03-02 20:12:15,272 - INFO - starting app
2024-03-02 20:12:18,258 - INFO - starting app
2024-03-02 20:12:42,573 - INFO - starting app
2024-03-02 20:13:04,619 - INFO - starting app
2024-03-02 20:13:22,791 - INFO - starting app
2024-03-02 20:13:31,306 - INFO - starting app
2024-03-02 20:14:55,188 - INFO - starting app
2024-03-02 20:15:04,658 - INFO - starting app
2024-03-02 20:15:38,136 - INFO - starting app
2024-03-02 20:15:48,245 - INFO - starting app
2024-03-02 20:16:32,590 - INFO - starting app
2024-03-02 20:16:37,806 - INFO - starting app
2024-03-02 20:16:50,086 - INFO - starting app
2024-03-02 20:16:55,544 - INFO - starting app
2024-03-02 20:16:59,436 - INFO - starting app
2024-03-02 20:17:09,699 - INFO - starting app
2024-03-02 21:38:05,346 - INFO - starting app
2024-03-02 21:38:14,701 - INFO - starting app
2024-03-02 21:38:21,639 - INFO - starting app
2024-03-02 21:40:47,527 - INFO - starting app
2024-03-02 21:41:13,382 - INFO - starting app
2024-03-02 21:43:51,745 - INFO - starting app
2024-03-02 21:43:55,022 - INFO - starting app
2024-03-02 21:44:16,534 - INFO - starting app
2024-03-02 21:44:27,561 - INFO - starting app
2024-03-02 21:44:34,763 - INFO - starting app
2024-03-02 21:45:01,592 - INFO - starting app
2024-03-02 21:45:04,297 - INFO - starting app
2024-03-02 21:45:09,676 - INFO - starting app
2024-03-02 21:45:12,092 - INFO - starting app
2024-03-02 21:45:16,705 - INFO - starting app
2024-03-02 21:45:19,313 - INFO - starting app
2024-03-02 21:45:22,380 - INFO - starting app
2024-03-02 21:45:36,519 - INFO - starting app
2024-03-02 21:47:51,385 - INFO - starting app
2024-03-02 21:50:13,584 - INFO - starting app
2024-03-02 21:52:12,500 - INFO - starting app
2024-03-02 21:52:48,840 - INFO - starting app
2024-03-02 21:53:11,789 - INFO - starting app
2024-03-02 21:53:38,556 - INFO - starting app
2024-03-02 21:54:05,320 - INFO - starting app
2024-03-02 21:54:25,817 - INFO - starting app
2024-03-02 21:54:30,384 - INFO - starting app
2024-03-02 21:54:39,923 - INFO - starting app
2024-03-02 21:55:11,621 - INFO - starting app
2024-03-02 21:56:21,898 - INFO - starting app
2024-03-02 21:56:23,943 - INFO - starting app
2024-03-02 21:57:11,388 - INFO - starting app
2024-03-02 21:57:13,759 - INFO - starting app
2024-03-02 21:57:17,032 - INFO - starting app
2024-03-02 21:57:23,611 - INFO - starting app
2024-03-02 21:57:36,818 - INFO - starting app
2024-03-02 21:57:46,435 - INFO - starting app
2024-03-02 21:57:54,103 - INFO - starting app
2024-03-02 21:58:31,069 - INFO - starting app
2024-03-02 21:58:39,626 - INFO - starting app
2024-03-02 21:58:47,446 - INFO - starting app
2024-03-02 21:58:49,354 - INFO - starting app
2024-03-02 21:58:54,518 - INFO - starting app
2024-03-02 21:59:07,385 - INFO - starting app
2024-03-02 21:59:10,349 - INFO - starting app
2024-03-02 21:59:26,070 - INFO - Starting ................
2024-03-02 21:59:26,073 - INFO - ended. process_time: 0.0027179718017578125
2024-03-02 21:59:26,655 - INFO - Starting ................
2024-03-02 21:59:26,676 - INFO - ended. process_time: 0.019870996475219727
2024-03-02 21:59:50,416 - INFO - Starting ................
2024-03-02 21:59:50,420 - INFO - ended. process_time: 0.00406193733215332
2024-03-02 22:00:04,556 - INFO - Starting ................
2024-03-02 22:00:04,564 - INFO - ended. process_time: 0.006918907165527344
2024-03-02 22:00:17,414 - INFO - Starting ................
2024-03-02 22:00:17,416 - INFO - ended. process_time: 0.00131988525390625
2024-03-02 22:02:30,463 - INFO - starting app
2024-03-02 22:04:09,270 - INFO - starting app
2024-03-02 22:04:11,834 - INFO - Starting ................
2024-03-02 22:04:11,836 - INFO - ended. process_time: 0.0018880367279052734
2024-03-02 22:04:22,100 - INFO - Starting ................
2024-03-02 22:04:22,103 - ERROR - An error occurred while processing
2024-03-02 22:04:35,894 - INFO - starting app
2024-03-02 22:04:58,865 - INFO - starting app
2024-03-02 22:05:11,739 - INFO - Starting ................
2024-03-02 22:05:11,742 - ERROR - An error occurred while processing
2024-03-02 22:05:24,020 - INFO - starting app
2024-03-02 22:07:02,462 - INFO - starting app
2024-03-02 22:07:08,766 - INFO - Starting ................
2024-03-02 22:07:08,768 - ERROR - An error occurred while processing
2024-03-02 22:08:33,164 - INFO - starting app
2024-03-02 22:08:35,465 - INFO - Starting ................
2024-03-02 22:08:35,467 - INFO - ended. process_time: 0.0021848678588867188
2024-03-02 22:09:31,592 - INFO - starting app
2024-03-02 22:09:55,290 - INFO - Starting ................
2024-03-02 22:09:55,295 - INFO - ended. process_time: 0.004465818405151367
2024-03-02 22:12:22,986 - INFO - starting app
2024-03-02 22:12:27,152 - INFO - Starting ................
2024-03-02 22:12:27,157 - INFO - ended. process_time: 0.004415988922119141
2024-03-02 22:12:35,593 - INFO - starting app
2024-03-02 22:24:56,669 - INFO - Starting ................
2024-03-02 22:24:56,671 - INFO - ended. process_time: 0.0015282630920410156
2024-03-02 22:24:57,133 - INFO - Starting ................
2024-03-02 22:24:57,163 - INFO - ended. process_time: 0.02887892723083496
2024-03-02 22:25:20,212 - INFO - Starting ................
2024-03-02 22:25:20,216 - INFO - ended. process_time: 0.0038149356842041016
2024-03-02 22:25:35,648 - INFO - starting app
2024-03-02 22:25:42,584 - INFO - starting app
2024-03-02 22:25:42,821 - INFO - Starting ................
2024-03-02 22:25:42,822 - INFO - ended. process_time: 0.0009469985961914062
2024-03-02 22:25:43,219 - INFO - Starting ................
2024-03-02 22:25:43,230 - INFO - ended. process_time: 0.011200189590454102
2024-03-02 22:26:17,748 - INFO - Starting ................
2024-03-02 22:26:17,749 - INFO - ended. process_time: 0.0004899501800537109
2024-03-02 22:26:18,076 - INFO - Starting ................
2024-03-02 22:26:18,077 - INFO - ended. process_time: 0.0006568431854248047
2024-03-02 22:27:00,610 - INFO - starting app
2024-03-02 22:27:00,986 - INFO - Starting ................
2024-03-02 22:27:00,988 - INFO - ended. process_time: 0.001852273941040039
2024-03-02 22:27:01,287 - INFO - Starting ................
2024-03-02 22:27:01,304 - INFO - ended. process_time: 0.01589202880859375
2024-03-02 22:27:12,104 - INFO - Starting ................
2024-03-02 22:27:12,106 - INFO - ended. process_time: 0.0014331340789794922
2024-03-02 22:28:02,949 - INFO - Starting ................
2024-03-02 22:28:02,952 - INFO - ended. process_time: 0.0018758773803710938
2024-03-02 22:28:12,553 - INFO - Starting ................
2024-03-02 22:28:12,557 - INFO - ended. process_time: 0.004137992858886719
2024-03-02 22:30:13,848 - INFO - starting app
2024-03-02 22:30:16,120 - INFO - starting app
2024-03-02 22:30:41,740 - INFO - Starting ................
2024-03-02 22:30:41,741 - INFO - ended. process_time: 0.0008370876312255859
2024-03-02 22:30:42,051 - INFO - Starting ................
2024-03-02 22:30:42,071 - INFO - ended. process_time: 0.02002882957458496
2024-03-02 22:30:53,271 - INFO - Starting ................
2024-03-02 22:30:53,275 - INFO - ended. process_time: 0.003237009048461914
2024-03-02 22:31:20,635 - INFO - Starting ................
2024-03-02 22:31:20,638 - INFO - ended. process_time: 0.0021941661834716797
2024-03-02 22:31:31,387 - INFO - Starting ................
2024-03-02 22:31:31,388 - ERROR - An error occurred while processing
2024-03-02 22:32:17,437 - INFO - starting app
2024-03-02 22:32:48,492 - INFO - starting app
2024-03-02 22:32:50,114 - INFO - Starting ................
2024-03-02 22:32:50,119 - INFO - ended. process_time: 0.003859996795654297
2024-03-02 22:33:00,049 - INFO - Starting ................
2024-03-02 22:33:00,051 - INFO - ended. process_time: 0.002176046371459961
2024-03-02 22:33:06,549 - INFO - Starting ................
2024-03-02 22:33:06,551 - ERROR - An error occurred while processing
2024-03-02 22:34:19,130 - INFO - starting app
2024-03-02 22:34:22,343 - INFO - Starting ................
2024-03-02 22:34:22,346 - INFO - ended. process_time: 0.0024559497833251953
2024-03-02 22:34:27,404 - INFO - Starting ................
2024-03-02 22:34:27,408 - INFO - ended. process_time: 0.004102945327758789
2024-03-02 22:35:36,727 - INFO - starting app
2024-03-02 22:36:15,653 - INFO - Starting ................
2024-03-02 22:36:15,654 - INFO - ended. process_time: 0.0008928775787353516
2024-03-02 22:36:15,943 - INFO - Starting ................
2024-03-02 22:36:15,971 - INFO - ended. process_time: 0.027759075164794922
2024-03-02 22:36:30,374 - INFO - Starting ................
2024-03-02 22:36:30,376 - INFO - ended. process_time: 0.0019490718841552734
2024-03-02 22:37:22,071 - INFO - starting app
2024-03-02 22:37:32,486 - INFO - Starting ................
2024-03-02 22:37:32,486 - INFO - ended. process_time: 0.0007128715515136719
2024-03-02 22:37:32,766 - INFO - Starting ................
2024-03-02 22:37:32,778 - INFO - ended. process_time: 0.011499166488647461
2024-03-02 22:37:44,190 - INFO - Starting ................
2024-03-02 22:37:44,194 - INFO - ended. process_time: 0.003962039947509766
2024-03-02 22:38:01,465 - INFO - Starting ................
2024-03-02 22:38:01,466 - ERROR - An error occurred while processing
2024-03-09 14:18:04,270 - INFO - starting app
2024-03-09 14:18:09,497 - INFO - Starting ................
2024-03-09 14:18:09,499 - INFO - ended. process_time: 0.0008838176727294922
2024-03-09 14:18:09,937 - INFO - Starting ................
2024-03-09 14:18:09,938 - INFO - ended. process_time: 0.0010089874267578125
2024-03-09 14:18:30,903 - INFO - starting app
2024-03-09 14:18:31,891 - INFO - Starting ................
2024-03-09 14:18:31,892 - INFO - ended. process_time: 0.0005817413330078125
2024-03-09 14:18:33,561 - INFO - Starting ................
2024-03-09 14:18:33,578 - INFO - ended. process_time: 0.016194820404052734
2024-03-09 14:19:03,248 - INFO - Starting ................
2024-03-09 14:19:03,250 - INFO - ended. process_time: 0.0014541149139404297
2024-03-09 14:19:49,353 - INFO - Starting ................
2024-03-09 14:19:49,355 - INFO - ended. process_time: 0.0014503002166748047
2024-03-09 14:20:19,740 - INFO - Starting ................
2024-03-09 14:20:19,743 - ERROR - An error occurred while processing
2024-03-09 14:20:49,526 - INFO - starting app
2024-03-09 14:39:37,924 - INFO - starting app
2024-03-09 14:39:46,862 - INFO - starting app
2024-03-09 14:39:56,399 - INFO - Starting ................
2024-03-09 14:39:56,400 - INFO - ended. process_time: 0.0006642341613769531
2024-03-09 14:39:56,774 - INFO - Starting ................
2024-03-09 14:39:56,792 - INFO - ended. process_time: 0.01779913902282715
2024-03-09 14:40:09,472 - INFO - Starting ................
2024-03-09 14:40:09,474 - INFO - ended. process_time: 0.001512765884399414
2024-03-09 14:40:17,773 - INFO - Starting ................
2024-03-09 14:40:17,775 - INFO - ended. process_time: 0.0016748905181884766
2024-03-09 14:40:27,662 - INFO - Starting ................
2024-03-09 14:40:27,664 - INFO - ended. process_time: 0.0022339820861816406
2024-03-09 14:41:25,463 - INFO - Starting ................
2024-03-09 14:41:25,467 - INFO - ended. process_time: 0.002991199493408203
2024-03-09 15:05:42,201 - INFO - starting app
2024-03-09 15:05:52,201 - INFO - Starting ................
2024-03-09 15:05:52,204 - INFO - ended. process_time: 0.0013589859008789062
2024-03-09 15:05:52,578 - INFO - Starting ................
2024-03-09 15:05:52,587 - INFO - ended. process_time: 0.008682012557983398
2024-03-09 15:06:05,562 - INFO - Starting ................
2024-03-09 15:06:05,564 - ERROR - An error occurred while processing
2024-03-09 15:06:15,073 - INFO - Starting ................
2024-03-09 15:06:15,076 - INFO - ended. process_time: 0.0017058849334716797
2024-03-09 15:06:32,986 - INFO - starting app
2024-03-09 15:06:34,313 - INFO - Starting ................
2024-03-09 15:06:34,315 - INFO - ended. process_time: 0.0021240711212158203
2024-03-09 15:07:51,513 - INFO - starting app
2024-03-09 15:07:52,426 - INFO - Starting ................
2024-03-09 15:07:52,428 - INFO - ended. process_time: 0.0026040077209472656
2024-03-09 15:08:11,610 - INFO - starting app
2024-03-09 15:08:12,608 - INFO - Starting ................
2024-03-09 15:08:12,610 - INFO - ended. process_time: 0.0024459362030029297
2024-03-09 15:08:53,952 - INFO - starting app
2024-03-09 15:08:55,146 - INFO - Starting ................
2024-03-09 15:08:55,147 - INFO - ended. process_time: 0.0008442401885986328
2024-03-09 15:08:55,493 - INFO - Starting ................
2024-03-09 15:08:55,502 - INFO - ended. process_time: 0.008369922637939453
2024-03-09 15:09:04,453 - INFO - Starting ................
2024-03-09 15:09:04,455 - INFO - ended. process_time: 0.0022041797637939453
2024-03-09 15:09:46,025 - INFO - Starting ................
2024-03-09 15:09:46,026 - INFO - ended. process_time: 0.001220703125
2024-03-09 15:09:56,274 - INFO - Starting ................
2024-03-09 15:09:56,275 - ERROR - An error occurred while processing
2024-03-09 15:10:09,431 - INFO - Starting ................
2024-03-09 15:10:09,432 - INFO - ended. process_time: 0.00044083595275878906
2024-03-09 15:10:09,628 - INFO - Starting ................
2024-03-09 15:10:09,631 - INFO - ended. process_time: 0.0022220611572265625
2024-03-09 15:10:16,414 - INFO - Starting ................
2024-03-09 15:10:16,415 - ERROR - An error occurred while processing
2024-03-09 15:10:28,194 - INFO - starting app
2024-03-09 15:10:29,796 - INFO - Starting ................
2024-03-09 15:10:29,799 - INFO - ended. process_time: 0.0023708343505859375
2024-03-09 15:10:35,591 - INFO - Starting ................
2024-03-09 15:10:35,593 - ERROR - An error occurred while processing
2024-03-09 15:10:37,015 - INFO - Starting ................
2024-03-09 15:10:37,016 - ERROR - An error occurred while processing
2024-03-09 15:10:39,599 - INFO - Starting ................
2024-03-09 15:10:39,601 - ERROR - An error occurred while processing
2024-03-09 15:10:44,206 - INFO - Starting ................
2024-03-09 15:10:44,207 - INFO - ended. process_time: 0.00045990943908691406
2024-03-09 15:10:44,448 - INFO - Starting ................
2024-03-09 15:10:44,457 - INFO - ended. process_time: 0.007918119430541992
2024-03-09 15:10:48,620 - INFO - Starting ................
2024-03-09 15:10:48,621 - ERROR - An error occurred while processing
2024-03-09 15:10:54,584 - INFO - starting app
2024-03-09 15:10:57,068 - INFO - starting app
2024-03-09 15:10:58,422 - INFO - starting app
2024-03-09 15:11:00,407 - INFO - Starting ................
2024-03-09 15:11:00,408 - INFO - ended. process_time: 0.0006580352783203125
2024-03-09 15:11:00,676 - INFO - Starting ................
2024-03-09 15:11:00,691 - INFO - ended. process_time: 0.014749765396118164
2024-03-09 15:11:05,837 - INFO - Starting ................
2024-03-09 15:11:05,848 - INFO - ended. process_time: 0.01046299934387207
2024-03-09 15:11:09,911 - INFO - Starting ................
2024-03-09 15:11:09,913 - ERROR - An error occurred while processing
2024-03-09 15:11:13,441 - INFO - Starting ................
2024-03-09 15:11:13,442 - ERROR - An error occurred while processing
2024-03-09 15:11:14,368 - INFO - Starting ................
2024-03-09 15:11:14,369 - ERROR - An error occurred while processing
2024-03-09 15:11:15,091 - INFO - Starting ................
2024-03-09 15:11:15,092 - ERROR - An error occurred while processing
2024-03-09 15:11:16,272 - INFO - Starting ................
2024-03-09 15:11:16,272 - INFO - ended. process_time: 0.0005121231079101562
2024-03-09 15:11:16,512 - INFO - Starting ................
2024-03-09 15:11:16,513 - INFO - ended. process_time: 0.0006682872772216797
2024-03-09 15:11:20,284 - INFO - Starting ................
2024-03-09 15:11:20,285 - ERROR - An error occurred while processing
2024-03-09 15:11:23,325 - INFO - Starting ................
2024-03-09 15:11:23,325 - INFO - ended. process_time: 0.0004608631134033203
2024-03-09 15:11:23,583 - INFO - Starting ................
2024-03-09 15:11:23,585 - INFO - ended. process_time: 0.0017168521881103516
2024-03-09 15:11:27,705 - INFO - Starting ................
2024-03-09 15:11:27,706 - ERROR - An error occurred while processing
2024-03-09 15:12:01,126 - INFO - starting app
2024-03-09 15:12:03,388 - INFO - starting app
2024-03-09 15:12:05,589 - INFO - Starting ................
2024-03-09 15:12:05,593 - INFO - ended. process_time: 0.0036962032318115234
2024-03-09 15:12:06,983 - INFO - Starting ................
2024-03-09 15:12:06,984 - ERROR - An error occurred while processing
2024-03-09 15:12:07,760 - INFO - Starting ................
2024-03-09 15:12:07,762 - ERROR - An error occurred while processing
2024-03-09 15:12:08,456 - INFO - Starting ................
2024-03-09 15:12:08,458 - ERROR - An error occurred while processing
2024-03-09 15:12:10,781 - INFO - Starting ................
2024-03-09 15:12:10,782 - INFO - ended. process_time: 0.00047707557678222656
2024-03-09 15:12:11,028 - INFO - Starting ................
2024-03-09 15:12:11,042 - INFO - ended. process_time: 0.013466119766235352
2024-03-09 15:12:15,669 - INFO - Starting ................
2024-03-09 15:12:15,670 - ERROR - An error occurred while processing
2024-03-09 15:12:18,030 - INFO - Starting ................
2024-03-09 15:12:18,030 - ERROR - An error occurred while processing
2024-03-09 15:12:18,821 - INFO - Starting ................
2024-03-09 15:12:18,822 - ERROR - An error occurred while processing
2024-03-09 15:12:20,726 - INFO - Starting ................
2024-03-09 15:12:20,727 - INFO - ended. process_time: 0.0009338855743408203
2024-03-09 15:12:20,963 - INFO - Starting ................
2024-03-09 15:12:20,964 - INFO - ended. process_time: 0.0005788803100585938
2024-03-09 15:12:26,352 - INFO - Starting ................
2024-03-09 15:12:26,353 - ERROR - An error occurred while processing
2024-03-09 15:13:35,375 - INFO - starting app
2024-03-09 15:13:37,268 - INFO - Starting ................
2024-03-09 15:13:37,271 - INFO - ended. process_time: 0.0029680728912353516
2024-03-09 15:13:38,615 - INFO - Starting ................
2024-03-09 15:13:38,617 - ERROR - An error occurred while processing
2024-03-09 15:13:39,437 - INFO - Starting ................
2024-03-09 15:13:39,439 - ERROR - An error occurred while processing
2024-03-09 15:13:40,138 - INFO - Starting ................
2024-03-09 15:13:40,139 - ERROR - An error occurred while processing
2024-03-09 15:13:40,782 - INFO - Starting ................
2024-03-09 15:13:40,784 - ERROR - An error occurred while processing
2024-03-09 15:13:42,326 - INFO - Starting ................
2024-03-09 15:13:42,327 - INFO - ended. process_time: 0.00043773651123046875
2024-03-09 15:13:42,621 - INFO - Starting ................
2024-03-09 15:13:42,633 - INFO - ended. process_time: 0.011500835418701172
2024-03-09 15:13:46,837 - INFO - Starting ................
2024-03-09 15:13:46,838 - ERROR - An error occurred while processing
2024-03-09 15:14:48,428 - INFO - starting app
2024-03-09 15:15:04,819 - INFO - Starting ................
2024-03-09 15:15:04,824 - INFO - ended. process_time: 0.004490852355957031
2024-03-09 15:15:11,933 - INFO - Starting ................
2024-03-09 15:15:11,934 - ERROR - An error occurred while processing
2024-03-09 15:15:14,047 - INFO - Starting ................
2024-03-09 15:15:14,048 - ERROR - An error occurred while processing
2024-03-09 15:15:24,190 - INFO - Starting ................
2024-03-09 15:15:24,191 - ERROR - An error occurred while processing
2024-03-09 15:15:30,229 - INFO - Starting ................
2024-03-09 15:15:30,231 - ERROR - An error occurred while processing
2024-03-09 15:15:31,492 - INFO - Starting ................
2024-03-09 15:15:31,493 - ERROR - An error occurred while processing
2024-03-09 15:15:31,958 - INFO - Starting ................
2024-03-09 15:15:31,959 - ERROR - An error occurred while processing
2024-03-09 15:15:38,522 - INFO - starting app
2024-03-09 15:15:38,552 - INFO - Starting ................
2024-03-09 15:15:38,555 - INFO - ended. process_time: 0.0020308494567871094
2024-03-09 15:15:47,530 - INFO - starting app
2024-03-09 15:15:50,061 - INFO - starting app
2024-03-09 15:15:51,472 - INFO - Starting ................
2024-03-09 15:15:51,475 - INFO - ended. process_time: 0.0024268627166748047
2024-03-09 15:15:57,988 - INFO - Starting ................
2024-03-09 15:15:57,990 - INFO - ended. process_time: 0.0015420913696289062
2024-03-09 15:16:03,637 - INFO - Starting ................
2024-03-09 15:16:03,638 - ERROR - An error occurred while processing
2024-03-09 15:16:04,671 - INFO - Starting ................
2024-03-09 15:16:04,672 - ERROR - An error occurred while processing
2024-03-09 15:16:05,324 - INFO - Starting ................
2024-03-09 15:16:05,325 - ERROR - An error occurred while processing
2024-03-09 15:16:45,758 - INFO - starting app
2024-03-09 15:16:59,299 - INFO - starting app
2024-03-09 15:17:34,590 - INFO - starting app
2024-03-09 15:17:38,788 - INFO - starting app
2024-03-09 15:17:38,883 - INFO - Starting ................
2024-03-09 15:17:38,914 - ERROR - An error occurred while processing
2024-03-09 15:17:43,204 - INFO - Starting ................
2024-03-09 15:17:43,205 - INFO - ended. process_time: 0.0005831718444824219
2024-03-09 15:17:43,487 - INFO - Starting ................
2024-03-09 15:17:43,500 - INFO - ended. process_time: 0.011982917785644531
2024-03-09 15:17:51,593 - INFO - Starting ................
2024-03-09 15:17:51,594 - ERROR - An error occurred while processing
2024-03-09 15:18:16,091 - INFO - starting app
2024-03-09 15:18:20,408 - INFO - Starting ................
2024-03-09 15:18:20,409 - ERROR - An error occurred while processing
2024-03-09 15:18:37,097 - INFO - starting app
2024-03-09 15:18:37,747 - INFO - Starting ................
2024-03-09 15:18:37,749 - INFO - ended. process_time: 0.0016319751739501953
2024-03-09 15:18:45,430 - INFO - Starting ................
2024-03-09 15:18:45,431 - INFO - ended. process_time: 0.0011157989501953125
2024-03-09 15:18:59,550 - INFO - Starting ................
2024-03-09 15:18:59,553 - INFO - ended. process_time: 0.0020220279693603516
2024-03-09 15:21:48,016 - INFO - starting app
2024-03-09 15:21:52,579 - INFO - starting app
2024-03-09 15:21:54,536 - INFO - starting app
2024-03-09 15:22:00,851 - INFO - starting app
2024-03-09 15:22:14,616 - INFO - starting app
2024-03-09 15:22:34,849 - INFO - starting app
2024-03-09 15:22:41,110 - INFO - starting app
2024-03-09 15:26:28,837 - INFO - starting app
2024-03-09 15:26:31,533 - INFO - starting app
2024-03-09 15:26:36,756 - INFO - starting app
2024-03-09 15:26:40,109 - INFO - starting app
2024-03-09 15:26:58,753 - INFO - starting app
2024-03-09 15:27:46,786 - INFO - starting app
2024-03-09 15:28:00,323 - INFO - starting app
